WARNING: The requested image's platform (linux/amd64) does not match the detected host platform (linux/arm64/v8) and no specific platform was requested
Alignment: 0.9%
Alignment: 11.7%  ETA: 00:01:46
Alignment: 22.6%  ETA: 00:00:40
Alignment: 33.4%  ETA: 00:00:31
Alignment: 46.1%  ETA: 00:00:21
Alignment: 56.9%  ETA: 00:00:16
Alignment: 69.5%  ETA: 00:00:12
Alignment: 82.2%  ETA: 00:00:07
Alignment: 93%  ETA: 00:00:02
============= Report ==============
Analysis time: 52.39s
Total sequencing reads: 610190
Successfully aligned reads: 34 (0.01%)
Alignment failed, no hits (not TCR/IG?): 270623 (44.35%)
Alignment failed because of absence of J hits: 315907 (51.77%)
Alignment failed because of low total score: 23626 (3.87%)
Overlapped: 610190 (100%)
Overlapped and aligned: 34 (0.01%)
Alignment-aided overlaps: 0 (0%)
Overlapped and not aligned: 610156 (99.99%)
TRA chains: 6 (17.65%)
TRB chains: 22 (64.71%)
TRD chains: 4 (11.76%)
IGH chains: 2 (5.88%)
