WARNING: The requested image's platform (linux/amd64) does not match the detected host platform (linux/arm64/v8) and no specific platform was requested
Alignment: 0.8%
Alignment: 12.2%  ETA: 00:02:12
Alignment: 22.9%  ETA: 00:01:00
Alignment: 33.6%  ETA: 00:00:44
Alignment: 44.3%  ETA: 00:00:31
Alignment: 55%  ETA: 00:00:34
Alignment: 66.4%  ETA: 00:00:23
Alignment: 77.9%  ETA: 00:00:13
Alignment: 88.6%  ETA: 00:00:07
Alignment: 100%  ETA: 00:00:00
============= Report ==============
Analysis time: 1.31m
Total sequencing reads: 713383
Successfully aligned reads: 75 (0.01%)
Alignment failed, no hits (not TCR/IG?): 327861 (45.96%)
Alignment failed because of absence of J hits: 352596 (49.43%)
Alignment failed because of low total score: 32851 (4.6%)
Overlapped: 713383 (100%)
Overlapped and aligned: 75 (0.01%)
Alignment-aided overlaps: 0 (0%)
Overlapped and not aligned: 713308 (99.99%)
TRA chains: 17 (22.67%)
TRB chains: 44 (58.67%)
TRD chains: 6 (8%)
IGH chains: 7 (9.33%)
IGL chains: 1 (1.33%)
