WARNING: The requested image's platform (linux/amd64) does not match the detected host platform (linux/arm64/v8) and no specific platform was requested
Initialization: progress unknown
Writing clones: 0%
============= Report ==============
Analysis time: 2.45s
Final clonotype count: 12
Average number of reads per clonotype: 1.08
Reads used in clonotypes, percent of total: 13 (0%)
Reads used in clonotypes before clustering, percent of total: 13 (0%)
Number of reads used as a core, percent of used: 13 (100%)
Mapped low quality reads, percent of used: 0 (0%)
Reads clustered in PCR error correction, percent of used: 0 (0%)
Reads pre-clustered due to the similar VJC-lists, percent of used: 0 (0%)
Reads dropped due to the lack of a clone sequence: 69 (0.01%)
Reads dropped due to low quality: 0 (0%)
Reads dropped due to failed mapping: 0 (0%)
Reads dropped with low quality clones: 0 (0%)
Clonotypes eliminated by PCR error correction: 0
Clonotypes dropped as low quality: 0
Clonotypes pre-clustered due to the similar VJC-lists: 0
