WARNING: The requested image's platform (linux/amd64) does not match the detected host platform (linux/arm64/v8) and no specific platform was requested
Alignment: 1.6%
Alignment: 12.8%  ETA: 00:00:54
Alignment: 28.9%  ETA: 00:00:09
Alignment: 45.7%  ETA: 00:00:06
Alignment: 63.3%  ETA: 00:00:04
Alignment: 73.7%  ETA: 00:00:02
Alignment: 90.5%  ETA: 00:00:01
============= Report ==============
Analysis time: 18.13s
Total sequencing reads: 266736
Successfully aligned reads: 0 (0%)
Alignment failed, no hits (not TCR/IG?): 261213 (97.93%)
Alignment failed because of absence of CDR3 parts: 521 (0.2%)
Alignment failed because of low total score: 5002 (1.88%)
Overlapped: 34923 (13.09%)
Overlapped and aligned: 0 (0%)
Alignment-aided overlaps: 0 (?%)
Overlapped and not aligned: 34923 (13.09%)
Building index: 0%
Searching for overlaps: 0%
============= Report ==============
Analysis time: 143.00ms
Total alignments analysed: 0
Number of output alignments: 0 (?%)
Alignments already with CDR3 (no overlapping is performed): 0 (?%)
Successfully overlapped alignments: 0 (?%)
Left parts with too small N-region (failed to extract k-mer): 0 (?%)
Extracted k-mer diversity: 0
Dropped due to wildcard in k-mer: 0 (?%)
Dropped due to too short NRegion parts in overlap: 0 (?%)
Dropped overlaps with empty N region due to no complete NDN coverage: 0 (?%)
Number of left-side alignments: 0 (?%)
Number of right-side alignments: 0 (?%)
Complex overlaps: 0 (?%)
Over-overlaps: 0 (?%)
Partial alignments written to output: 0 (?%)
Building index: 0%
Searching for overlaps: 0%
============= Report ==============
Analysis time: 37.00ms
Total alignments analysed: 0
Number of output alignments: 0 (?%)
Alignments already with CDR3 (no overlapping is performed): 0 (?%)
Successfully overlapped alignments: 0 (?%)
Left parts with too small N-region (failed to extract k-mer): 0 (?%)
Extracted k-mer diversity: 0
Dropped due to wildcard in k-mer: 0 (?%)
Dropped due to too short NRegion parts in overlap: 0 (?%)
Dropped overlaps with empty N region due to no complete NDN coverage: 0 (?%)
Number of left-side alignments: 0 (?%)
Number of right-side alignments: 0 (?%)
Complex overlaps: 0 (?%)
Over-overlaps: 0 (?%)
Partial alignments written to output: 0 (?%)
Processing: 0%
============= Report ==============
Analysis time: 4.00ms
Extended alignments count: 0 (?%)
V extensions total: 0 (?%)
V extensions with merged targets: 0 (?%)
J extensions total: 0 (?%)
J extensions with merged targets: 0 (?%)
V+J extensions: 0 (?%)
Mean V extension length: NaN
Mean J extension length: NaN
Initialization: progress unknown
Preparing for sorting: progress unknown
============= Report ==============
Analysis time: 103.00ms
Final clonotype count: 0
Average number of reads per clonotype: ?
Reads used in clonotypes, percent of total: 0 (0%)
Reads used in clonotypes before clustering, percent of total: 0 (0%)
Number of reads used as a core, percent of used: 0 (?%)
Mapped low quality reads, percent of used: 0 (?%)
Reads clustered in PCR error correction, percent of used: 0 (?%)
Reads pre-clustered due to the similar VJC-lists, percent of used: 0 (?%)
Reads dropped due to the lack of a clone sequence: 0 (0%)
Reads dropped due to low quality: 0 (0%)
Reads dropped due to failed mapping: 0 (0%)
Reads dropped with low quality clones: 0 (?%)
Clonotypes eliminated by PCR error correction: 0
Clonotypes dropped as low quality: 0
Clonotypes pre-clustered due to the similar VJC-lists: 0
