Alignment: 0.9%
Alignment: 12.6%  ETA: 00:02:14
Alignment: 23.5%  ETA: 00:01:04
Alignment: 35.2%  ETA: 00:00:56
Alignment: 47%  ETA: 00:00:51
Alignment: 58.7%  ETA: 00:00:36
Alignment: 69.5%  ETA: 00:00:26
Alignment: 80.4%  ETA: 00:00:12
Alignment: 92.1%  ETA: 00:00:04
============= Report ==============
Analysis time: 1.45m
Total sequencing reads: 610190
Successfully aligned reads: 38 (0.01%)
Alignment failed, no hits (not TCR/IG?): 270909 (44.4%)
Alignment failed because of absence of J hits: 315933 (51.78%)
Alignment failed because of low total score: 23310 (3.82%)
Overlapped: 610190 (100%)
Overlapped and aligned: 38 (0.01%)
Alignment-aided overlaps: 0 (0%)
Overlapped and not aligned: 610152 (99.99%)
TRA chains: 6 (15.79%)
TRB chains: 25 (65.79%)
TRD chains: 6 (15.79%)
IGH chains: 1 (2.63%)
